Copyright 1986-2018 Xilinx, Inc. All Rights Reserved.
------------------------------------------------------------------------------------
| Tool Version : Vivado v.2018.1 (win64) Build 2188600 Wed Apr  4 18:40:38 MDT 2018
| Date         : Mon Nov 16 14:31:52 2020
| Host         : DuyDoan running 64-bit major release  (build 9200)
| Command      : report_control_sets -verbose -file PTS_control_sets_placed.rpt
| Design       : PTS
| Device       : xc7z020
------------------------------------------------------------------------------------

Control Set Information

Table of Contents
-----------------
1. Summary
2. Histogram
3. Flip-Flop Distribution
4. Detailed Control Set Information

1. Summary
----------

+----------------------------------------------------------+-------+
|                          Status                          | Count |
+----------------------------------------------------------+-------+
| Number of unique control sets                            |     3 |
| Unused register locations in slices containing registers |    10 |
+----------------------------------------------------------+-------+


2. Histogram
------------

+--------+--------------+
| Fanout | Control Sets |
+--------+--------------+
|     12 |            1 |
|     15 |            1 |
|    16+ |            1 |
+--------+--------------+


3. Flip-Flop Distribution
-------------------------

+--------------+-----------------------+------------------------+-----------------+--------------+
| Clock Enable | Synchronous Set/Reset | Asynchronous Set/Reset | Total Registers | Total Slices |
+--------------+-----------------------+------------------------+-----------------+--------------+
| No           | No                    | No                     |               0 |            0 |
| No           | No                    | Yes                    |              27 |            8 |
| No           | Yes                   | No                     |               0 |            0 |
| Yes          | No                    | No                     |               0 |            0 |
| Yes          | No                    | Yes                    |              27 |            6 |
| Yes          | Yes                   | No                     |               0 |            0 |
+--------------+-----------------------+------------------------+-----------------+--------------+


4. Detailed Control Set Information
-----------------------------------

+----------------+-----------------+------------------+------------------+----------------+
|  Clock Signal  |  Enable Signal  | Set/Reset Signal | Slice Load Count | Bel Load Count |
+----------------+-----------------+------------------+------------------+----------------+
|  CLK_div       | tmp[7]_i_1_n_0  | CLR_IBUF         |                2 |             12 |
|  CLK_div       | data[7]_i_1_n_0 | CLR_IBUF         |                4 |             15 |
|  CLK_IBUF_BUFG |                 | CLR_IBUF         |                8 |             27 |
+----------------+-----------------+------------------+------------------+----------------+


