#-----------------------------------------------------------
# Vivado v2018.1 (64-bit)
# SW Build 2188600 on Wed Apr  4 18:40:38 MDT 2018
# IP Build 2185939 on Wed Apr  4 20:55:05 MDT 2018
# Start of session at: Mon Nov  2 16:11:57 2020
# Process ID: 6928
# Current directory: E:/Tai Lieu/2020.1/VIVADO/FILE/FILP_FLOPs
# Command line: vivado.exe -gui_launcher_event rodinguilauncherevent11072 E:\Tai Lieu\2020.1\VIVADO\FILE\FILP_FLOPs\FILP_FLOPs.xpr
# Log file: E:/Tai Lieu/2020.1/VIVADO/FILE/FILP_FLOPs/vivado.log
# Journal file: E:/Tai Lieu/2020.1/VIVADO/FILE/FILP_FLOPs\vivado.jou
#-----------------------------------------------------------
start_gui
open_project {E:/Tai Lieu/2020.1/VIVADO/FILE/FILP_FLOPs/FILP_FLOPs.xpr}
Scanning sources...
Finished scanning sources
INFO: [IP_Flow 19-234] Refreshing IP repositories
INFO: [IP_Flow 19-1704] No user IP repositories specified
INFO: [IP_Flow 19-2313] Loaded Vivado IP repository 'C:/Xilinx/Vivado/2018.1/data/ip'.
open_project: Time (s): cpu = 00:00:23 ; elapsed = 00:00:12 . Memory (MB): peak = 841.133 ; gain = 105.590
update_compile_order -fileset sources_1
exit
INFO: [Common 17-206] Exiting Vivado at Mon Nov  2 16:13:09 2020...
